2021-06-06 21:22:42.825  INFO 9084 --- [restartedMain] c.l.smm.company.CompanyApplication       : Starting CompanyApplication using Java 1.8.0_261 on DESKTOP-N4Q9DHG with PID 9084 (C:\Linda\Github\projects\spring-multi-module\company-web\target\classes started by linda in C:\Linda\Github\projects\spring-multi-module)
2021-06-06 21:22:42.864  INFO 9084 --- [restartedMain] c.l.smm.company.CompanyApplication       : The following profiles are active: default
2021-06-06 21:22:42.965  INFO 9084 --- [restartedMain] .e.DevToolsPropertyDefaultsPostProcessor : Devtools property defaults active! Set 'spring.devtools.add-properties' to 'false' to disable
2021-06-06 21:22:44.502  INFO 9084 --- [restartedMain] .s.d.r.c.RepositoryConfigurationDelegate : Bootstrapping Spring Data JPA repositories in DEFAULT mode.
2021-06-06 21:22:44.613  INFO 9084 --- [restartedMain] .s.d.r.c.RepositoryConfigurationDelegate : Finished Spring Data repository scanning in 96 ms. Found 2 JPA repository interfaces.
2021-06-06 21:22:45.989  INFO 9084 --- [restartedMain] o.s.b.w.embedded.tomcat.TomcatWebServer  : Tomcat initialized with port(s): 9091 (http)
2021-06-06 21:22:46.006  INFO 9084 --- [restartedMain] o.apache.catalina.core.StandardService   : Starting service [Tomcat]
2021-06-06 21:22:46.007  INFO 9084 --- [restartedMain] org.apache.catalina.core.StandardEngine  : Starting Servlet engine: [Apache Tomcat/9.0.46]
2021-06-06 21:22:46.147  INFO 9084 --- [restartedMain] o.a.c.c.C.[Tomcat].[localhost].[/]       : Initializing Spring embedded WebApplicationContext
2021-06-06 21:22:46.148  INFO 9084 --- [restartedMain] w.s.c.ServletWebServerApplicationContext : Root WebApplicationContext: initialization completed in 3178 ms
2021-06-06 21:22:46.173 DEBUG 9084 --- [restartedMain] o.s.b.w.s.ServletContextInitializerBeans : Mapping filters: characterEncodingFilter urls=[/*] order=-2147483648, formContentFilter urls=[/*] order=-9900, requestContextFilter urls=[/*] order=-105
2021-06-06 21:22:46.173 DEBUG 9084 --- [restartedMain] o.s.b.w.s.ServletContextInitializerBeans : Mapping servlets: dispatcherServlet urls=[/]
2021-06-06 21:22:46.508  INFO 9084 --- [restartedMain] o.hibernate.jpa.internal.util.LogHelper  : HHH000204: Processing PersistenceUnitInfo [name: default]
2021-06-06 21:22:46.587  INFO 9084 --- [restartedMain] org.hibernate.Version                    : HHH000412: Hibernate ORM core version 5.4.31.Final
2021-06-06 21:22:46.811  INFO 9084 --- [restartedMain] o.hibernate.annotations.common.Version   : HCANN000001: Hibernate Commons Annotations {5.1.2.Final}
2021-06-06 21:22:46.971  INFO 9084 --- [restartedMain] com.zaxxer.hikari.HikariDataSource       : HikariPool-1 - Starting...
2021-06-06 21:22:47.971  INFO 9084 --- [restartedMain] com.zaxxer.hikari.HikariDataSource       : HikariPool-1 - Start completed.
2021-06-06 21:22:47.996  INFO 9084 --- [restartedMain] org.hibernate.dialect.Dialect            : HHH000400: Using dialect: org.hibernate.dialect.MySQL5InnoDBDialect
2021-06-06 21:22:49.260  INFO 9084 --- [restartedMain] o.h.e.t.j.p.i.JtaPlatformInitiator       : HHH000490: Using JtaPlatform implementation: [org.hibernate.engine.transaction.jta.platform.internal.NoJtaPlatform]
2021-06-06 21:22:49.275  INFO 9084 --- [restartedMain] j.LocalContainerEntityManagerFactoryBean : Initialized JPA EntityManagerFactory for persistence unit 'default'
2021-06-06 21:22:50.490  WARN 9084 --- [restartedMain] JpaBaseConfiguration$JpaWebConfiguration : spring.jpa.open-in-view is enabled by default. Therefore, database queries may be performed during view rendering. Explicitly configure spring.jpa.open-in-view to disable this warning
2021-06-06 21:22:50.635 DEBUG 9084 --- [restartedMain] s.w.s.m.m.a.RequestMappingHandlerMapping : 14 mappings in 'requestMappingHandlerMapping'
2021-06-06 21:22:50.752  INFO 9084 --- [restartedMain] pertySourcedRequestMappingHandlerMapping : Mapped URL path [/v2/api-docs] onto method [springfox.documentation.swagger2.web.Swagger2Controller#getDocumentation(String, HttpServletRequest)]
2021-06-06 21:22:50.934  INFO 9084 --- [restartedMain] o.s.b.d.a.OptionalLiveReloadServer       : LiveReload server is running on port 35729
2021-06-06 21:22:50.945 DEBUG 9084 --- [restartedMain] s.w.s.m.m.a.RequestMappingHandlerAdapter : ControllerAdvice beans: 0 @ModelAttribute, 0 @InitBinder, 1 RequestBodyAdvice, 1 ResponseBodyAdvice
2021-06-06 21:22:51.043 DEBUG 9084 --- [restartedMain] o.s.w.s.handler.SimpleUrlHandlerMapping  : Patterns [/webjars/**, /**] in 'resourceHandlerMapping'
2021-06-06 21:22:51.069 DEBUG 9084 --- [restartedMain] .m.m.a.ExceptionHandlerExceptionResolver : ControllerAdvice beans: 1 @ExceptionHandler, 1 ResponseBodyAdvice
2021-06-06 21:22:51.275  INFO 9084 --- [restartedMain] o.s.b.w.embedded.tomcat.TomcatWebServer  : Tomcat started on port(s): 9091 (http) with context path ''
2021-06-06 21:22:51.283  INFO 9084 --- [restartedMain] d.s.w.p.DocumentationPluginsBootstrapper : Context refreshed
2021-06-06 21:22:51.318  INFO 9084 --- [restartedMain] d.s.w.p.DocumentationPluginsBootstrapper : Found 1 custom documentation plugin(s)
2021-06-06 21:22:51.366  INFO 9084 --- [restartedMain] s.d.s.w.s.ApiListingReferenceScanner     : Scanning for api listing references
2021-06-06 21:22:51.395  INFO 9084 --- [restartedMain] c.l.smm.company.CompanyApplication       : Started CompanyApplication in 9.241 seconds (JVM running for 10.048)
2021-06-06 21:22:51.398  INFO 9084 --- [restartedMain] o.s.b.a.ApplicationAvailabilityBean      : Application availability state LivenessState changed to CORRECT
2021-06-06 21:22:51.401  INFO 9084 --- [restartedMain] o.s.b.a.ApplicationAvailabilityBean      : Application availability state ReadinessState changed to ACCEPTING_TRAFFIC
2021-06-06 21:24:51.903  INFO 16136 --- [restartedMain] c.l.smm.company.CompanyApplication       : Starting CompanyApplication using Java 1.8.0_261 on DESKTOP-N4Q9DHG with PID 16136 (C:\Linda\Github\projects\spring-multi-module\company-web\target\classes started by linda in C:\Linda\Github\projects\spring-multi-module)
2021-06-06 21:24:51.907  INFO 16136 --- [restartedMain] c.l.smm.company.CompanyApplication       : The following profiles are active: default
2021-06-06 21:24:52.023  INFO 16136 --- [restartedMain] .e.DevToolsPropertyDefaultsPostProcessor : Devtools property defaults active! Set 'spring.devtools.add-properties' to 'false' to disable
2021-06-06 21:24:53.562  INFO 16136 --- [restartedMain] .s.d.r.c.RepositoryConfigurationDelegate : Bootstrapping Spring Data JPA repositories in DEFAULT mode.
2021-06-06 21:24:53.677  INFO 16136 --- [restartedMain] .s.d.r.c.RepositoryConfigurationDelegate : Finished Spring Data repository scanning in 100 ms. Found 2 JPA repository interfaces.
2021-06-06 21:24:55.089  INFO 16136 --- [restartedMain] o.s.b.w.embedded.tomcat.TomcatWebServer  : Tomcat initialized with port(s): 9091 (http)
2021-06-06 21:24:55.103  INFO 16136 --- [restartedMain] o.apache.catalina.core.StandardService   : Starting service [Tomcat]
2021-06-06 21:24:55.104  INFO 16136 --- [restartedMain] org.apache.catalina.core.StandardEngine  : Starting Servlet engine: [Apache Tomcat/9.0.46]
2021-06-06 21:24:55.235  INFO 16136 --- [restartedMain] o.a.c.c.C.[Tomcat].[localhost].[/]       : Initializing Spring embedded WebApplicationContext
2021-06-06 21:24:55.236  INFO 16136 --- [restartedMain] w.s.c.ServletWebServerApplicationContext : Root WebApplicationContext: initialization completed in 3211 ms
2021-06-06 21:24:55.260 DEBUG 16136 --- [restartedMain] o.s.b.w.s.ServletContextInitializerBeans : Mapping filters: characterEncodingFilter urls=[/*] order=-2147483648, formContentFilter urls=[/*] order=-9900, requestContextFilter urls=[/*] order=-105
2021-06-06 21:24:55.261 DEBUG 16136 --- [restartedMain] o.s.b.w.s.ServletContextInitializerBeans : Mapping servlets: dispatcherServlet urls=[/]
2021-06-06 21:24:55.679  INFO 16136 --- [restartedMain] o.hibernate.jpa.internal.util.LogHelper  : HHH000204: Processing PersistenceUnitInfo [name: default]
2021-06-06 21:24:55.785  INFO 16136 --- [restartedMain] org.hibernate.Version                    : HHH000412: Hibernate ORM core version 5.4.31.Final
2021-06-06 21:24:56.077  INFO 16136 --- [restartedMain] o.hibernate.annotations.common.Version   : HCANN000001: Hibernate Commons Annotations {5.1.2.Final}
2021-06-06 21:24:56.237  INFO 16136 --- [restartedMain] com.zaxxer.hikari.HikariDataSource       : HikariPool-1 - Starting...
2021-06-06 21:24:57.216  INFO 16136 --- [restartedMain] com.zaxxer.hikari.HikariDataSource       : HikariPool-1 - Start completed.
2021-06-06 21:24:57.241  INFO 16136 --- [restartedMain] org.hibernate.dialect.Dialect            : HHH000400: Using dialect: org.hibernate.dialect.MySQL5InnoDBDialect
2021-06-06 21:24:58.429  INFO 16136 --- [restartedMain] o.h.e.t.j.p.i.JtaPlatformInitiator       : HHH000490: Using JtaPlatform implementation: [org.hibernate.engine.transaction.jta.platform.internal.NoJtaPlatform]
2021-06-06 21:24:58.443  INFO 16136 --- [restartedMain] j.LocalContainerEntityManagerFactoryBean : Initialized JPA EntityManagerFactory for persistence unit 'default'
2021-06-06 21:24:59.972  WARN 16136 --- [restartedMain] JpaBaseConfiguration$JpaWebConfiguration : spring.jpa.open-in-view is enabled by default. Therefore, database queries may be performed during view rendering. Explicitly configure spring.jpa.open-in-view to disable this warning
2021-06-06 21:25:00.093 DEBUG 16136 --- [restartedMain] s.w.s.m.m.a.RequestMappingHandlerMapping : 14 mappings in 'requestMappingHandlerMapping'
2021-06-06 21:25:00.176  INFO 16136 --- [restartedMain] pertySourcedRequestMappingHandlerMapping : Mapped URL path [/v2/api-docs] onto method [springfox.documentation.swagger2.web.Swagger2Controller#getDocumentation(String, HttpServletRequest)]
2021-06-06 21:25:00.324  INFO 16136 --- [restartedMain] o.s.b.d.a.OptionalLiveReloadServer       : LiveReload server is running on port 35729
2021-06-06 21:25:00.335 DEBUG 16136 --- [restartedMain] s.w.s.m.m.a.RequestMappingHandlerAdapter : ControllerAdvice beans: 0 @ModelAttribute, 0 @InitBinder, 1 RequestBodyAdvice, 1 ResponseBodyAdvice
2021-06-06 21:25:00.403 DEBUG 16136 --- [restartedMain] o.s.w.s.handler.SimpleUrlHandlerMapping  : Patterns [/webjars/**, /**] in 'resourceHandlerMapping'
2021-06-06 21:25:00.414 DEBUG 16136 --- [restartedMain] .m.m.a.ExceptionHandlerExceptionResolver : ControllerAdvice beans: 1 @ExceptionHandler, 1 ResponseBodyAdvice
2021-06-06 21:25:00.631  INFO 16136 --- [restartedMain] o.s.b.w.embedded.tomcat.TomcatWebServer  : Tomcat started on port(s): 9091 (http) with context path ''
2021-06-06 21:25:00.633  INFO 16136 --- [restartedMain] d.s.w.p.DocumentationPluginsBootstrapper : Context refreshed
2021-06-06 21:25:00.664  INFO 16136 --- [restartedMain] d.s.w.p.DocumentationPluginsBootstrapper : Found 1 custom documentation plugin(s)
2021-06-06 21:25:00.708  INFO 16136 --- [restartedMain] s.d.s.w.s.ApiListingReferenceScanner     : Scanning for api listing references
2021-06-06 21:25:01.346  INFO 16136 --- [restartedMain] c.l.smm.company.CompanyApplication       : Started CompanyApplication in 10.055 seconds (JVM running for 10.913)
2021-06-06 21:25:01.348  INFO 16136 --- [restartedMain] o.s.b.a.ApplicationAvailabilityBean      : Application availability state LivenessState changed to CORRECT
2021-06-06 21:25:01.351  INFO 16136 --- [restartedMain] o.s.b.a.ApplicationAvailabilityBean      : Application availability state ReadinessState changed to ACCEPTING_TRAFFIC
2021-06-06 21:25:11.249  INFO 25556 --- [restartedMain] c.l.smm.company.CompanyApplication       : Starting CompanyApplication using Java 1.8.0_261 on DESKTOP-N4Q9DHG with PID 25556 (C:\Linda\Github\projects\spring-multi-module\company-web\target\classes started by linda in C:\Linda\Github\projects\spring-multi-module)
2021-06-06 21:25:11.256  INFO 25556 --- [restartedMain] c.l.smm.company.CompanyApplication       : The following profiles are active: default
2021-06-06 21:25:11.414  INFO 25556 --- [restartedMain] .e.DevToolsPropertyDefaultsPostProcessor : Devtools property defaults active! Set 'spring.devtools.add-properties' to 'false' to disable
2021-06-06 21:25:12.968  INFO 25556 --- [restartedMain] .s.d.r.c.RepositoryConfigurationDelegate : Bootstrapping Spring Data JPA repositories in DEFAULT mode.
2021-06-06 21:25:13.087  INFO 25556 --- [restartedMain] .s.d.r.c.RepositoryConfigurationDelegate : Finished Spring Data repository scanning in 104 ms. Found 2 JPA repository interfaces.
2021-06-06 21:25:14.519  INFO 25556 --- [restartedMain] o.s.b.w.embedded.tomcat.TomcatWebServer  : Tomcat initialized with port(s): 9091 (http)
2021-06-06 21:25:14.534  INFO 25556 --- [restartedMain] o.apache.catalina.core.StandardService   : Starting service [Tomcat]
2021-06-06 21:25:14.535  INFO 25556 --- [restartedMain] org.apache.catalina.core.StandardEngine  : Starting Servlet engine: [Apache Tomcat/9.0.46]
2021-06-06 21:25:14.686  INFO 25556 --- [restartedMain] o.a.c.c.C.[Tomcat].[localhost].[/]       : Initializing Spring embedded WebApplicationContext
2021-06-06 21:25:14.687  INFO 25556 --- [restartedMain] w.s.c.ServletWebServerApplicationContext : Root WebApplicationContext: initialization completed in 3265 ms
2021-06-06 21:25:14.710 DEBUG 25556 --- [restartedMain] o.s.b.w.s.ServletContextInitializerBeans : Mapping filters: characterEncodingFilter urls=[/*] order=-2147483648, formContentFilter urls=[/*] order=-9900, requestContextFilter urls=[/*] order=-105
2021-06-06 21:25:14.711 DEBUG 25556 --- [restartedMain] o.s.b.w.s.ServletContextInitializerBeans : Mapping servlets: dispatcherServlet urls=[/]
2021-06-06 21:25:15.085  INFO 25556 --- [restartedMain] o.hibernate.jpa.internal.util.LogHelper  : HHH000204: Processing PersistenceUnitInfo [name: default]
2021-06-06 21:25:15.170  INFO 25556 --- [restartedMain] org.hibernate.Version                    : HHH000412: Hibernate ORM core version 5.4.31.Final
2021-06-06 21:25:15.400  INFO 25556 --- [restartedMain] o.hibernate.annotations.common.Version   : HCANN000001: Hibernate Commons Annotations {5.1.2.Final}
2021-06-06 21:25:15.557  INFO 25556 --- [restartedMain] com.zaxxer.hikari.HikariDataSource       : HikariPool-1 - Starting...
2021-06-06 21:25:16.512  INFO 25556 --- [restartedMain] com.zaxxer.hikari.HikariDataSource       : HikariPool-1 - Start completed.
2021-06-06 21:25:16.536  INFO 25556 --- [restartedMain] org.hibernate.dialect.Dialect            : HHH000400: Using dialect: org.hibernate.dialect.MySQL5InnoDBDialect
2021-06-06 21:25:17.703  INFO 25556 --- [restartedMain] o.h.e.t.j.p.i.JtaPlatformInitiator       : HHH000490: Using JtaPlatform implementation: [org.hibernate.engine.transaction.jta.platform.internal.NoJtaPlatform]
2021-06-06 21:25:17.717  INFO 25556 --- [restartedMain] j.LocalContainerEntityManagerFactoryBean : Initialized JPA EntityManagerFactory for persistence unit 'default'
2021-06-06 21:25:18.683  WARN 25556 --- [restartedMain] JpaBaseConfiguration$JpaWebConfiguration : spring.jpa.open-in-view is enabled by default. Therefore, database queries may be performed during view rendering. Explicitly configure spring.jpa.open-in-view to disable this warning
2021-06-06 21:25:18.820 DEBUG 25556 --- [restartedMain] s.w.s.m.m.a.RequestMappingHandlerMapping : 14 mappings in 'requestMappingHandlerMapping'
2021-06-06 21:25:18.948  INFO 25556 --- [restartedMain] pertySourcedRequestMappingHandlerMapping : Mapped URL path [/v2/api-docs] onto method [springfox.documentation.swagger2.web.Swagger2Controller#getDocumentation(String, HttpServletRequest)]
2021-06-06 21:25:19.160  INFO 25556 --- [restartedMain] o.s.b.d.a.OptionalLiveReloadServer       : LiveReload server is running on port 35729
2021-06-06 21:25:19.180 DEBUG 25556 --- [restartedMain] s.w.s.m.m.a.RequestMappingHandlerAdapter : ControllerAdvice beans: 0 @ModelAttribute, 0 @InitBinder, 1 RequestBodyAdvice, 1 ResponseBodyAdvice
2021-06-06 21:25:19.270 DEBUG 25556 --- [restartedMain] o.s.w.s.handler.SimpleUrlHandlerMapping  : Patterns [/webjars/**, /**] in 'resourceHandlerMapping'
2021-06-06 21:25:19.314 DEBUG 25556 --- [restartedMain] .m.m.a.ExceptionHandlerExceptionResolver : ControllerAdvice beans: 1 @ExceptionHandler, 1 ResponseBodyAdvice
2021-06-06 21:25:19.624  INFO 25556 --- [restartedMain] o.s.b.w.embedded.tomcat.TomcatWebServer  : Tomcat started on port(s): 9091 (http) with context path ''
2021-06-06 21:25:19.626  INFO 25556 --- [restartedMain] d.s.w.p.DocumentationPluginsBootstrapper : Context refreshed
2021-06-06 21:25:19.656  INFO 25556 --- [restartedMain] d.s.w.p.DocumentationPluginsBootstrapper : Found 1 custom documentation plugin(s)
2021-06-06 21:25:19.700  INFO 25556 --- [restartedMain] s.d.s.w.s.ApiListingReferenceScanner     : Scanning for api listing references
2021-06-06 21:25:20.007  INFO 25556 --- [restartedMain] c.l.smm.company.CompanyApplication       : Started CompanyApplication in 9.383 seconds (JVM running for 10.188)
2021-06-06 21:25:20.013  INFO 25556 --- [restartedMain] o.s.b.a.ApplicationAvailabilityBean      : Application availability state LivenessState changed to CORRECT
2021-06-06 21:25:20.018  INFO 25556 --- [restartedMain] o.s.b.a.ApplicationAvailabilityBean      : Application availability state ReadinessState changed to ACCEPTING_TRAFFIC
2021-06-06 21:25:24.571  INFO 25556 --- [http-nio-9091-exec-1] o.a.c.c.C.[Tomcat].[localhost].[/]       : Initializing Spring DispatcherServlet 'dispatcherServlet'
2021-06-06 21:25:24.573  INFO 25556 --- [http-nio-9091-exec-1] o.s.web.servlet.DispatcherServlet        : Initializing Servlet 'dispatcherServlet'
2021-06-06 21:25:24.575 DEBUG 25556 --- [http-nio-9091-exec-1] o.s.web.servlet.DispatcherServlet        : Detected StandardServletMultipartResolver
2021-06-06 21:25:24.576 DEBUG 25556 --- [http-nio-9091-exec-1] o.s.web.servlet.DispatcherServlet        : Detected AcceptHeaderLocaleResolver
2021-06-06 21:25:24.576 DEBUG 25556 --- [http-nio-9091-exec-1] o.s.web.servlet.DispatcherServlet        : Detected FixedThemeResolver
2021-06-06 21:25:24.577 DEBUG 25556 --- [http-nio-9091-exec-1] o.s.web.servlet.DispatcherServlet        : Detected org.springframework.web.servlet.view.DefaultRequestToViewNameTranslator@3b5cc512
2021-06-06 21:25:24.578 DEBUG 25556 --- [http-nio-9091-exec-1] o.s.web.servlet.DispatcherServlet        : Detected org.springframework.web.servlet.support.SessionFlashMapManager@192a9f81
2021-06-06 21:25:24.578 DEBUG 25556 --- [http-nio-9091-exec-1] o.s.web.servlet.DispatcherServlet        : enableLoggingRequestDetails='false': request parameters and headers will be masked to prevent unsafe logging of potentially sensitive data
2021-06-06 21:25:24.578  INFO 25556 --- [http-nio-9091-exec-1] o.s.web.servlet.DispatcherServlet        : Completed initialization in 3 ms
2021-06-06 21:25:24.593 DEBUG 25556 --- [http-nio-9091-exec-1] o.s.web.servlet.DispatcherServlet        : GET "/swagger-ui.html", parameters={}
2021-06-06 21:25:24.612 DEBUG 25556 --- [http-nio-9091-exec-1] o.s.w.s.handler.SimpleUrlHandlerMapping  : Mapped to ResourceHttpRequestHandler [Classpath [META-INF/resources/], Classpath [resources/], Classpath [static/], Classpath [public/], ServletContext [/]]
2021-06-06 21:25:24.642 DEBUG 25556 --- [http-nio-9091-exec-1] o.s.web.servlet.DispatcherServlet        : Completed 200 OK
2021-06-06 21:25:24.668 DEBUG 25556 --- [http-nio-9091-exec-2] o.s.web.servlet.DispatcherServlet        : GET "/webjars/springfox-swagger-ui/springfox.css?v=2.9.2", parameters={masked}
2021-06-06 21:25:24.676 DEBUG 25556 --- [http-nio-9091-exec-6] o.s.web.servlet.DispatcherServlet        : GET "/webjars/springfox-swagger-ui/springfox.js?v=2.9.2", parameters={masked}
2021-06-06 21:25:24.674 DEBUG 25556 --- [http-nio-9091-exec-2] o.s.w.s.handler.SimpleUrlHandlerMapping  : Mapped to ResourceHttpRequestHandler [Classpath [META-INF/resources/webjars/]]
2021-06-06 21:25:24.679 DEBUG 25556 --- [http-nio-9091-exec-6] o.s.w.s.handler.SimpleUrlHandlerMapping  : Mapped to ResourceHttpRequestHandler [Classpath [META-INF/resources/webjars/]]
2021-06-06 21:25:24.669 DEBUG 25556 --- [http-nio-9091-exec-3] o.s.web.servlet.DispatcherServlet        : GET "/webjars/springfox-swagger-ui/swagger-ui.css?v=2.9.2", parameters={masked}
2021-06-06 21:25:24.671 DEBUG 25556 --- [http-nio-9091-exec-5] o.s.web.servlet.DispatcherServlet        : GET "/webjars/springfox-swagger-ui/swagger-ui-standalone-preset.js?v=2.9.2", parameters={masked}
2021-06-06 21:25:24.670 DEBUG 25556 --- [http-nio-9091-exec-4] o.s.web.servlet.DispatcherServlet        : GET "/webjars/springfox-swagger-ui/swagger-ui-bundle.js?v=2.9.2", parameters={masked}
2021-06-06 21:25:24.683 DEBUG 25556 --- [http-nio-9091-exec-5] o.s.w.s.handler.SimpleUrlHandlerMapping  : Mapped to ResourceHttpRequestHandler [Classpath [META-INF/resources/webjars/]]
2021-06-06 21:25:24.683 DEBUG 25556 --- [http-nio-9091-exec-4] o.s.w.s.handler.SimpleUrlHandlerMapping  : Mapped to ResourceHttpRequestHandler [Classpath [META-INF/resources/webjars/]]
2021-06-06 21:25:24.685 DEBUG 25556 --- [http-nio-9091-exec-3] o.s.w.s.handler.SimpleUrlHandlerMapping  : Mapped to ResourceHttpRequestHandler [Classpath [META-INF/resources/webjars/]]
2021-06-06 21:25:24.700 DEBUG 25556 --- [http-nio-9091-exec-2] o.s.web.servlet.DispatcherServlet        : Completed 200 OK
2021-06-06 21:25:24.701 DEBUG 25556 --- [http-nio-9091-exec-6] o.s.web.servlet.DispatcherServlet        : Completed 200 OK
2021-06-06 21:25:24.718 DEBUG 25556 --- [http-nio-9091-exec-3] o.s.web.servlet.DispatcherServlet        : Completed 200 OK
2021-06-06 21:25:24.799 DEBUG 25556 --- [http-nio-9091-exec-5] o.s.web.servlet.DispatcherServlet        : Completed 200 OK
2021-06-06 21:25:24.833 DEBUG 25556 --- [http-nio-9091-exec-4] o.s.web.servlet.DispatcherServlet        : Completed 200 OK
2021-06-06 21:25:25.027 DEBUG 25556 --- [http-nio-9091-exec-8] o.s.web.servlet.DispatcherServlet        : GET "/swagger-resources/configuration/ui", parameters={}
2021-06-06 21:25:25.027 DEBUG 25556 --- [http-nio-9091-exec-7] o.s.web.servlet.DispatcherServlet        : GET "/webjars/springfox-swagger-ui/favicon-32x32.png?v=2.9.2", parameters={masked}
2021-06-06 21:25:25.029 DEBUG 25556 --- [http-nio-9091-exec-8] s.w.s.m.m.a.RequestMappingHandlerMapping : Mapped to springfox.documentation.swagger.web.ApiResourceController#uiConfiguration()
2021-06-06 21:25:25.028 DEBUG 25556 --- [http-nio-9091-exec-7] o.s.w.s.handler.SimpleUrlHandlerMapping  : Mapped to ResourceHttpRequestHandler [Classpath [META-INF/resources/webjars/]]
2021-06-06 21:25:25.035 DEBUG 25556 --- [http-nio-9091-exec-7] o.s.web.servlet.DispatcherServlet        : Completed 200 OK
2021-06-06 21:25:25.093 DEBUG 25556 --- [http-nio-9091-exec-8] o.s.w.s.m.m.a.HttpEntityMethodProcessor  : Using 'application/json', given [application/json] and supported [application/json, application/*+json, application/json, application/*+json]
2021-06-06 21:25:25.094 DEBUG 25556 --- [http-nio-9091-exec-8] o.s.w.s.m.m.a.HttpEntityMethodProcessor  : Writing [springfox.documentation.swagger.web.UiConfiguration@408c7de0]
2021-06-06 21:25:25.109 DEBUG 25556 --- [http-nio-9091-exec-8] o.s.web.servlet.DispatcherServlet        : Completed 200 OK
2021-06-06 21:25:25.113 DEBUG 25556 --- [http-nio-9091-exec-9] o.s.web.servlet.DispatcherServlet        : GET "/swagger-resources/configuration/security", parameters={}
2021-06-06 21:25:25.114 DEBUG 25556 --- [http-nio-9091-exec-9] s.w.s.m.m.a.RequestMappingHandlerMapping : Mapped to springfox.documentation.swagger.web.ApiResourceController#securityConfiguration()
2021-06-06 21:25:25.122 DEBUG 25556 --- [http-nio-9091-exec-9] o.s.w.s.m.m.a.HttpEntityMethodProcessor  : Using 'application/json', given [application/json] and supported [application/json, application/*+json, application/json, application/*+json]
2021-06-06 21:25:25.124 DEBUG 25556 --- [http-nio-9091-exec-9] o.s.w.s.m.m.a.HttpEntityMethodProcessor  : Writing [springfox.documentation.swagger.web.SecurityConfiguration@30cc875d]
2021-06-06 21:25:25.126 DEBUG 25556 --- [http-nio-9091-exec-9] o.s.web.servlet.DispatcherServlet        : Completed 200 OK
2021-06-06 21:25:25.131 DEBUG 25556 --- [http-nio-9091-exec-10] o.s.web.servlet.DispatcherServlet        : GET "/swagger-resources", parameters={}
2021-06-06 21:25:25.131 DEBUG 25556 --- [http-nio-9091-exec-10] s.w.s.m.m.a.RequestMappingHandlerMapping : Mapped to springfox.documentation.swagger.web.ApiResourceController#swaggerResources()
2021-06-06 21:25:25.133 DEBUG 25556 --- [http-nio-9091-exec-10] o.s.w.s.m.m.a.HttpEntityMethodProcessor  : Using 'application/json', given [application/json] and supported [application/json, application/*+json, application/json, application/*+json]
2021-06-06 21:25:25.134 DEBUG 25556 --- [http-nio-9091-exec-10] o.s.w.s.m.m.a.HttpEntityMethodProcessor  : Writing [[springfox.documentation.swagger.web.SwaggerResource@48932a5a]]
2021-06-06 21:25:25.140 DEBUG 25556 --- [http-nio-9091-exec-10] o.s.web.servlet.DispatcherServlet        : Completed 200 OK
2021-06-06 21:25:25.175 DEBUG 25556 --- [http-nio-9091-exec-2] o.s.web.servlet.DispatcherServlet        : GET "/", parameters={}
2021-06-06 21:25:25.175 DEBUG 25556 --- [http-nio-9091-exec-1] o.s.web.servlet.DispatcherServlet        : GET "/v2/api-docs", parameters={}
2021-06-06 21:25:25.176 DEBUG 25556 --- [http-nio-9091-exec-2] o.s.w.s.handler.SimpleUrlHandlerMapping  : Mapped to ResourceHttpRequestHandler [Classpath [META-INF/resources/], Classpath [resources/], Classpath [static/], Classpath [public/], ServletContext [/]]
2021-06-06 21:25:25.177 DEBUG 25556 --- [http-nio-9091-exec-2] o.s.w.s.r.ResourceHttpRequestHandler     : Resource not found
2021-06-06 21:25:25.177 DEBUG 25556 --- [http-nio-9091-exec-2] o.s.web.servlet.DispatcherServlet        : Completed 404 NOT_FOUND
2021-06-06 21:25:25.182 DEBUG 25556 --- [http-nio-9091-exec-6] o.s.web.servlet.DispatcherServlet        : GET "/webjars/springfox-swagger-ui/fonts/titillium-web-v6-latin-700.woff2", parameters={}
2021-06-06 21:25:25.183 DEBUG 25556 --- [http-nio-9091-exec-6] o.s.w.s.handler.SimpleUrlHandlerMapping  : Mapped to ResourceHttpRequestHandler [Classpath [META-INF/resources/webjars/]]
2021-06-06 21:25:25.184 DEBUG 25556 --- [http-nio-9091-exec-2] o.s.web.servlet.DispatcherServlet        : "ERROR" dispatch for GET "/error", parameters={}
2021-06-06 21:25:25.185 DEBUG 25556 --- [http-nio-9091-exec-2] s.w.s.m.m.a.RequestMappingHandlerMapping : Mapped to org.springframework.boot.autoconfigure.web.servlet.error.BasicErrorController#error(HttpServletRequest)
2021-06-06 21:25:25.186 DEBUG 25556 --- [http-nio-9091-exec-6] o.s.web.servlet.DispatcherServlet        : Completed 200 OK
2021-06-06 21:25:25.198 DEBUG 25556 --- [http-nio-9091-exec-2] o.s.w.s.m.m.a.HttpEntityMethodProcessor  : Using 'application/json', given [*/*] and supported [application/json, application/*+json, application/json, application/*+json]
2021-06-06 21:25:25.198 DEBUG 25556 --- [http-nio-9091-exec-2] o.s.w.s.m.m.a.HttpEntityMethodProcessor  : Writing [{timestamp=Sun Jun 06 21:25:25 PDT 2021, status=404, error=Not Found, message=No message available,  (truncated)...]
2021-06-06 21:25:25.205 DEBUG 25556 --- [http-nio-9091-exec-2] o.s.web.servlet.DispatcherServlet        : Exiting from "ERROR" dispatch, status 404
2021-06-06 21:25:25.211 DEBUG 25556 --- [http-nio-9091-exec-3] o.s.web.servlet.DispatcherServlet        : GET "/csrf", parameters={}
2021-06-06 21:25:25.212 DEBUG 25556 --- [http-nio-9091-exec-3] o.s.w.s.handler.SimpleUrlHandlerMapping  : Mapped to ResourceHttpRequestHandler [Classpath [META-INF/resources/], Classpath [resources/], Classpath [static/], Classpath [public/], ServletContext [/]]
2021-06-06 21:25:25.216 DEBUG 25556 --- [http-nio-9091-exec-3] o.s.w.s.r.ResourceHttpRequestHandler     : Resource not found
2021-06-06 21:25:25.216 DEBUG 25556 --- [http-nio-9091-exec-3] o.s.web.servlet.DispatcherServlet        : Completed 404 NOT_FOUND
2021-06-06 21:25:25.216 DEBUG 25556 --- [http-nio-9091-exec-3] o.s.web.servlet.DispatcherServlet        : "ERROR" dispatch for GET "/error", parameters={}
2021-06-06 21:25:25.217 DEBUG 25556 --- [http-nio-9091-exec-3] s.w.s.m.m.a.RequestMappingHandlerMapping : Mapped to org.springframework.boot.autoconfigure.web.servlet.error.BasicErrorController#error(HttpServletRequest)
2021-06-06 21:25:25.217 DEBUG 25556 --- [http-nio-9091-exec-3] o.s.w.s.m.m.a.HttpEntityMethodProcessor  : Using 'application/json', given [*/*] and supported [application/json, application/*+json, application/json, application/*+json]
2021-06-06 21:25:25.217 DEBUG 25556 --- [http-nio-9091-exec-3] o.s.w.s.m.m.a.HttpEntityMethodProcessor  : Writing [{timestamp=Sun Jun 06 21:25:25 PDT 2021, status=404, error=Not Found, message=No message available,  (truncated)...]
2021-06-06 21:25:25.218 DEBUG 25556 --- [http-nio-9091-exec-3] o.s.web.servlet.DispatcherServlet        : Exiting from "ERROR" dispatch, status 404
2021-06-06 21:25:25.319 DEBUG 25556 --- [http-nio-9091-exec-1] o.s.w.s.m.m.a.HttpEntityMethodProcessor  : Using 'application/json', given [application/json, */*] and supported [application/json, application/*+json, application/json, application/*+json]
2021-06-06 21:25:25.319 DEBUG 25556 --- [http-nio-9091-exec-1] o.s.w.s.m.m.a.HttpEntityMethodProcessor  : Writing [springfox.documentation.spring.web.json.Json@3322c049]
2021-06-06 21:25:25.321 DEBUG 25556 --- [http-nio-9091-exec-1] o.s.web.servlet.DispatcherServlet        : Completed 200 OK
2021-06-06 21:25:25.387 DEBUG 25556 --- [http-nio-9091-exec-5] o.s.web.servlet.DispatcherServlet        : GET "/webjars/springfox-swagger-ui/fonts/open-sans-v15-latin-700.woff2", parameters={}
2021-06-06 21:25:25.387 DEBUG 25556 --- [http-nio-9091-exec-4] o.s.web.servlet.DispatcherServlet        : GET "/webjars/springfox-swagger-ui/fonts/source-code-pro-v7-latin-300.woff2", parameters={}
2021-06-06 21:25:25.388 DEBUG 25556 --- [http-nio-9091-exec-5] o.s.w.s.handler.SimpleUrlHandlerMapping  : Mapped to ResourceHttpRequestHandler [Classpath [META-INF/resources/webjars/]]
2021-06-06 21:25:25.388 DEBUG 25556 --- [http-nio-9091-exec-4] o.s.w.s.handler.SimpleUrlHandlerMapping  : Mapped to ResourceHttpRequestHandler [Classpath [META-INF/resources/webjars/]]
2021-06-06 21:25:25.390 DEBUG 25556 --- [http-nio-9091-exec-7] o.s.web.servlet.DispatcherServlet        : GET "/webjars/springfox-swagger-ui/fonts/open-sans-v15-latin-regular.woff2", parameters={}
2021-06-06 21:25:25.391 DEBUG 25556 --- [http-nio-9091-exec-7] o.s.w.s.handler.SimpleUrlHandlerMapping  : Mapped to ResourceHttpRequestHandler [Classpath [META-INF/resources/webjars/]]
2021-06-06 21:25:25.393 DEBUG 25556 --- [http-nio-9091-exec-4] o.s.web.servlet.DispatcherServlet        : Completed 200 OK
2021-06-06 21:25:25.396 DEBUG 25556 --- [http-nio-9091-exec-5] o.s.web.servlet.DispatcherServlet        : Completed 200 OK
2021-06-06 21:25:25.396 DEBUG 25556 --- [http-nio-9091-exec-7] o.s.web.servlet.DispatcherServlet        : Completed 200 OK
2021-06-06 21:25:27.868 DEBUG 25556 --- [http-nio-9091-exec-8] o.s.web.servlet.DispatcherServlet        : GET "/webjars/springfox-swagger-ui/fonts/source-code-pro-v7-latin-600.woff2", parameters={}
2021-06-06 21:25:27.870 DEBUG 25556 --- [http-nio-9091-exec-8] o.s.w.s.handler.SimpleUrlHandlerMapping  : Mapped to ResourceHttpRequestHandler [Classpath [META-INF/resources/webjars/]]
2021-06-06 21:25:27.875 DEBUG 25556 --- [http-nio-9091-exec-8] o.s.web.servlet.DispatcherServlet        : Completed 200 OK
2021-06-06 21:27:08.769  INFO 6756 --- [restartedMain] c.l.smm.company.CompanyApplication       : Starting CompanyApplication using Java 1.8.0_261 on DESKTOP-N4Q9DHG with PID 6756 (C:\Linda\Github\projects\spring-multi-module\company-web\target\classes started by linda in C:\Linda\Github\projects\spring-multi-module)
2021-06-06 21:27:08.772  INFO 6756 --- [restartedMain] c.l.smm.company.CompanyApplication       : The following profiles are active: default
2021-06-06 21:27:08.928  INFO 6756 --- [restartedMain] .e.DevToolsPropertyDefaultsPostProcessor : Devtools property defaults active! Set 'spring.devtools.add-properties' to 'false' to disable
2021-06-06 21:27:10.393  INFO 6756 --- [restartedMain] .s.d.r.c.RepositoryConfigurationDelegate : Bootstrapping Spring Data JPA repositories in DEFAULT mode.
2021-06-06 21:27:10.504  INFO 6756 --- [restartedMain] .s.d.r.c.RepositoryConfigurationDelegate : Finished Spring Data repository scanning in 96 ms. Found 2 JPA repository interfaces.
2021-06-06 21:27:11.879  INFO 6756 --- [restartedMain] o.s.b.w.embedded.tomcat.TomcatWebServer  : Tomcat initialized with port(s): 9091 (http)
2021-06-06 21:27:11.895  INFO 6756 --- [restartedMain] o.apache.catalina.core.StandardService   : Starting service [Tomcat]
2021-06-06 21:27:11.900  INFO 6756 --- [restartedMain] org.apache.catalina.core.StandardEngine  : Starting Servlet engine: [Apache Tomcat/9.0.46]
2021-06-06 21:27:12.055  INFO 6756 --- [restartedMain] o.a.c.c.C.[Tomcat].[localhost].[/]       : Initializing Spring embedded WebApplicationContext
2021-06-06 21:27:12.056  INFO 6756 --- [restartedMain] w.s.c.ServletWebServerApplicationContext : Root WebApplicationContext: initialization completed in 3127 ms
2021-06-06 21:27:12.078 DEBUG 6756 --- [restartedMain] o.s.b.w.s.ServletContextInitializerBeans : Mapping filters: characterEncodingFilter urls=[/*] order=-2147483648, formContentFilter urls=[/*] order=-9900, requestContextFilter urls=[/*] order=-105
2021-06-06 21:27:12.078 DEBUG 6756 --- [restartedMain] o.s.b.w.s.ServletContextInitializerBeans : Mapping servlets: dispatcherServlet urls=[/]
2021-06-06 21:27:12.504  INFO 6756 --- [restartedMain] o.hibernate.jpa.internal.util.LogHelper  : HHH000204: Processing PersistenceUnitInfo [name: default]
2021-06-06 21:27:12.591  INFO 6756 --- [restartedMain] org.hibernate.Version                    : HHH000412: Hibernate ORM core version 5.4.31.Final
2021-06-06 21:27:12.841  INFO 6756 --- [restartedMain] o.hibernate.annotations.common.Version   : HCANN000001: Hibernate Commons Annotations {5.1.2.Final}
2021-06-06 21:27:13.002  INFO 6756 --- [restartedMain] com.zaxxer.hikari.HikariDataSource       : HikariPool-1 - Starting...
2021-06-06 21:27:13.979  INFO 6756 --- [restartedMain] com.zaxxer.hikari.HikariDataSource       : HikariPool-1 - Start completed.
2021-06-06 21:27:14.007  INFO 6756 --- [restartedMain] org.hibernate.dialect.Dialect            : HHH000400: Using dialect: org.hibernate.dialect.MySQL5InnoDBDialect
2021-06-06 21:27:15.268  INFO 6756 --- [restartedMain] o.h.e.t.j.p.i.JtaPlatformInitiator       : HHH000490: Using JtaPlatform implementation: [org.hibernate.engine.transaction.jta.platform.internal.NoJtaPlatform]
2021-06-06 21:27:15.282  INFO 6756 --- [restartedMain] j.LocalContainerEntityManagerFactoryBean : Initialized JPA EntityManagerFactory for persistence unit 'default'
2021-06-06 21:27:16.412  WARN 6756 --- [restartedMain] JpaBaseConfiguration$JpaWebConfiguration : spring.jpa.open-in-view is enabled by default. Therefore, database queries may be performed during view rendering. Explicitly configure spring.jpa.open-in-view to disable this warning
2021-06-06 21:27:16.536 DEBUG 6756 --- [restartedMain] s.w.s.m.m.a.RequestMappingHandlerMapping : 14 mappings in 'requestMappingHandlerMapping'
2021-06-06 21:27:16.615  INFO 6756 --- [restartedMain] pertySourcedRequestMappingHandlerMapping : Mapped URL path [/v2/api-docs] onto method [springfox.documentation.swagger2.web.Swagger2Controller#getDocumentation(String, HttpServletRequest)]
2021-06-06 21:27:16.787  INFO 6756 --- [restartedMain] o.s.b.d.a.OptionalLiveReloadServer       : LiveReload server is running on port 35729
2021-06-06 21:27:16.798 DEBUG 6756 --- [restartedMain] s.w.s.m.m.a.RequestMappingHandlerAdapter : ControllerAdvice beans: 0 @ModelAttribute, 0 @InitBinder, 1 RequestBodyAdvice, 1 ResponseBodyAdvice
2021-06-06 21:27:16.909 DEBUG 6756 --- [restartedMain] o.s.w.s.handler.SimpleUrlHandlerMapping  : Patterns [/webjars/**, /**] in 'resourceHandlerMapping'
2021-06-06 21:27:16.925 DEBUG 6756 --- [restartedMain] .m.m.a.ExceptionHandlerExceptionResolver : ControllerAdvice beans: 1 @ExceptionHandler, 1 ResponseBodyAdvice
2021-06-06 21:27:17.139  INFO 6756 --- [restartedMain] o.s.b.w.embedded.tomcat.TomcatWebServer  : Tomcat started on port(s): 9091 (http) with context path ''
2021-06-06 21:27:17.140  INFO 6756 --- [restartedMain] d.s.w.p.DocumentationPluginsBootstrapper : Context refreshed
2021-06-06 21:27:17.177  INFO 6756 --- [restartedMain] d.s.w.p.DocumentationPluginsBootstrapper : Found 1 custom documentation plugin(s)
2021-06-06 21:27:17.229  INFO 6756 --- [restartedMain] s.d.s.w.s.ApiListingReferenceScanner     : Scanning for api listing references
2021-06-06 21:27:17.513  INFO 6756 --- [restartedMain] c.l.smm.company.CompanyApplication       : Started CompanyApplication in 9.345 seconds (JVM running for 10.326)
2021-06-06 21:27:17.515  INFO 6756 --- [restartedMain] o.s.b.a.ApplicationAvailabilityBean      : Application availability state LivenessState changed to CORRECT
2021-06-06 21:27:17.520  INFO 6756 --- [restartedMain] o.s.b.a.ApplicationAvailabilityBean      : Application availability state ReadinessState changed to ACCEPTING_TRAFFIC
2021-06-06 21:27:25.732  INFO 6756 --- [http-nio-9091-exec-1] o.a.c.c.C.[Tomcat].[localhost].[/]       : Initializing Spring DispatcherServlet 'dispatcherServlet'
2021-06-06 21:27:25.732  INFO 6756 --- [http-nio-9091-exec-1] o.s.web.servlet.DispatcherServlet        : Initializing Servlet 'dispatcherServlet'
2021-06-06 21:27:25.733 DEBUG 6756 --- [http-nio-9091-exec-1] o.s.web.servlet.DispatcherServlet        : Detected StandardServletMultipartResolver
2021-06-06 21:27:25.733 DEBUG 6756 --- [http-nio-9091-exec-1] o.s.web.servlet.DispatcherServlet        : Detected AcceptHeaderLocaleResolver
2021-06-06 21:27:25.735 DEBUG 6756 --- [http-nio-9091-exec-1] o.s.web.servlet.DispatcherServlet        : Detected FixedThemeResolver
2021-06-06 21:27:25.737 DEBUG 6756 --- [http-nio-9091-exec-1] o.s.web.servlet.DispatcherServlet        : Detected org.springframework.web.servlet.view.DefaultRequestToViewNameTranslator@7360762c
2021-06-06 21:27:25.738 DEBUG 6756 --- [http-nio-9091-exec-1] o.s.web.servlet.DispatcherServlet        : Detected org.springframework.web.servlet.support.SessionFlashMapManager@3c654321
2021-06-06 21:27:25.738 DEBUG 6756 --- [http-nio-9091-exec-1] o.s.web.servlet.DispatcherServlet        : enableLoggingRequestDetails='false': request parameters and headers will be masked to prevent unsafe logging of potentially sensitive data
2021-06-06 21:27:25.738  INFO 6756 --- [http-nio-9091-exec-1] o.s.web.servlet.DispatcherServlet        : Completed initialization in 5 ms
2021-06-06 21:27:25.756 DEBUG 6756 --- [http-nio-9091-exec-1] o.s.web.servlet.DispatcherServlet        : GET "/swagger-ui.html", parameters={}
2021-06-06 21:27:25.773 DEBUG 6756 --- [http-nio-9091-exec-1] o.s.w.s.handler.SimpleUrlHandlerMapping  : Mapped to ResourceHttpRequestHandler [Classpath [META-INF/resources/], Classpath [resources/], Classpath [static/], Classpath [public/], ServletContext [/]]
2021-06-06 21:27:25.807 DEBUG 6756 --- [http-nio-9091-exec-1] o.s.web.servlet.DispatcherServlet        : Completed 200 OK
2021-06-06 21:27:25.840 DEBUG 6756 --- [http-nio-9091-exec-3] o.s.web.servlet.DispatcherServlet        : GET "/webjars/springfox-swagger-ui/swagger-ui.css?v=2.9.2", parameters={masked}
2021-06-06 21:27:25.851 DEBUG 6756 --- [http-nio-9091-exec-5] o.s.web.servlet.DispatcherServlet        : GET "/webjars/springfox-swagger-ui/swagger-ui-standalone-preset.js?v=2.9.2", parameters={masked}
2021-06-06 21:27:25.847 DEBUG 6756 --- [http-nio-9091-exec-3] o.s.w.s.handler.SimpleUrlHandlerMapping  : Mapped to ResourceHttpRequestHandler [Classpath [META-INF/resources/webjars/]]
2021-06-06 21:27:25.854 DEBUG 6756 --- [http-nio-9091-exec-5] o.s.w.s.handler.SimpleUrlHandlerMapping  : Mapped to ResourceHttpRequestHandler [Classpath [META-INF/resources/webjars/]]
2021-06-06 21:27:25.842 DEBUG 6756 --- [http-nio-9091-exec-4] o.s.web.servlet.DispatcherServlet        : GET "/webjars/springfox-swagger-ui/swagger-ui-bundle.js?v=2.9.2", parameters={masked}
2021-06-06 21:27:25.857 DEBUG 6756 --- [http-nio-9091-exec-7] o.s.web.servlet.DispatcherServlet        : GET "/webjars/springfox-swagger-ui/springfox.js?v=2.9.2", parameters={masked}
2021-06-06 21:27:25.858 DEBUG 6756 --- [http-nio-9091-exec-7] o.s.w.s.handler.SimpleUrlHandlerMapping  : Mapped to ResourceHttpRequestHandler [Classpath [META-INF/resources/webjars/]]
2021-06-06 21:27:25.858 DEBUG 6756 --- [http-nio-9091-exec-4] o.s.w.s.handler.SimpleUrlHandlerMapping  : Mapped to ResourceHttpRequestHandler [Classpath [META-INF/resources/webjars/]]
2021-06-06 21:27:25.840 DEBUG 6756 --- [http-nio-9091-exec-2] o.s.web.servlet.DispatcherServlet        : GET "/webjars/springfox-swagger-ui/springfox.css?v=2.9.2", parameters={masked}
2021-06-06 21:27:25.930 DEBUG 6756 --- [http-nio-9091-exec-7] o.s.web.servlet.DispatcherServlet        : Completed 200 OK
2021-06-06 21:27:25.888 DEBUG 6756 --- [http-nio-9091-exec-5] o.s.web.servlet.DispatcherServlet        : Completed 200 OK
2021-06-06 21:27:25.871 DEBUG 6756 --- [http-nio-9091-exec-3] o.s.web.servlet.DispatcherServlet        : Completed 200 OK
2021-06-06 21:27:25.862 DEBUG 6756 --- [http-nio-9091-exec-2] o.s.w.s.handler.SimpleUrlHandlerMapping  : Mapped to ResourceHttpRequestHandler [Classpath [META-INF/resources/webjars/]]
2021-06-06 21:27:25.969 DEBUG 6756 --- [http-nio-9091-exec-2] o.s.web.servlet.DispatcherServlet        : Completed 200 OK
2021-06-06 21:27:25.975 DEBUG 6756 --- [http-nio-9091-exec-4] o.s.web.servlet.DispatcherServlet        : Completed 200 OK
2021-06-06 21:27:26.233 DEBUG 6756 --- [http-nio-9091-exec-8] o.s.web.servlet.DispatcherServlet        : GET "/swagger-resources/configuration/ui", parameters={}
2021-06-06 21:27:26.234 DEBUG 6756 --- [http-nio-9091-exec-6] o.s.web.servlet.DispatcherServlet        : GET "/webjars/springfox-swagger-ui/favicon-32x32.png?v=2.9.2", parameters={masked}
2021-06-06 21:27:26.235 DEBUG 6756 --- [http-nio-9091-exec-8] s.w.s.m.m.a.RequestMappingHandlerMapping : Mapped to springfox.documentation.swagger.web.ApiResourceController#uiConfiguration()
2021-06-06 21:27:26.235 DEBUG 6756 --- [http-nio-9091-exec-6] o.s.w.s.handler.SimpleUrlHandlerMapping  : Mapped to ResourceHttpRequestHandler [Classpath [META-INF/resources/webjars/]]
2021-06-06 21:27:26.245 DEBUG 6756 --- [http-nio-9091-exec-6] o.s.web.servlet.DispatcherServlet        : Completed 200 OK
2021-06-06 21:27:26.316 DEBUG 6756 --- [http-nio-9091-exec-8] o.s.w.s.m.m.a.HttpEntityMethodProcessor  : Using 'application/json', given [application/json] and supported [application/json, application/*+json, application/json, application/*+json]
2021-06-06 21:27:26.317 DEBUG 6756 --- [http-nio-9091-exec-8] o.s.w.s.m.m.a.HttpEntityMethodProcessor  : Writing [springfox.documentation.swagger.web.UiConfiguration@a8c96ea]
2021-06-06 21:27:26.334 DEBUG 6756 --- [http-nio-9091-exec-8] o.s.web.servlet.DispatcherServlet        : Completed 200 OK
2021-06-06 21:27:26.340 DEBUG 6756 --- [http-nio-9091-exec-9] o.s.web.servlet.DispatcherServlet        : GET "/swagger-resources/configuration/security", parameters={}
2021-06-06 21:27:26.341 DEBUG 6756 --- [http-nio-9091-exec-9] s.w.s.m.m.a.RequestMappingHandlerMapping : Mapped to springfox.documentation.swagger.web.ApiResourceController#securityConfiguration()
2021-06-06 21:27:26.349 DEBUG 6756 --- [http-nio-9091-exec-9] o.s.w.s.m.m.a.HttpEntityMethodProcessor  : Using 'application/json', given [application/json] and supported [application/json, application/*+json, application/json, application/*+json]
2021-06-06 21:27:26.349 DEBUG 6756 --- [http-nio-9091-exec-9] o.s.w.s.m.m.a.HttpEntityMethodProcessor  : Writing [springfox.documentation.swagger.web.SecurityConfiguration@5f1d198e]
2021-06-06 21:27:26.351 DEBUG 6756 --- [http-nio-9091-exec-9] o.s.web.servlet.DispatcherServlet        : Completed 200 OK
2021-06-06 21:27:26.362 DEBUG 6756 --- [http-nio-9091-exec-10] o.s.web.servlet.DispatcherServlet        : GET "/swagger-resources", parameters={}
2021-06-06 21:27:26.362 DEBUG 6756 --- [http-nio-9091-exec-10] s.w.s.m.m.a.RequestMappingHandlerMapping : Mapped to springfox.documentation.swagger.web.ApiResourceController#swaggerResources()
2021-06-06 21:27:26.364 DEBUG 6756 --- [http-nio-9091-exec-10] o.s.w.s.m.m.a.HttpEntityMethodProcessor  : Using 'application/json', given [application/json] and supported [application/json, application/*+json, application/json, application/*+json]
2021-06-06 21:27:26.365 DEBUG 6756 --- [http-nio-9091-exec-10] o.s.w.s.m.m.a.HttpEntityMethodProcessor  : Writing [[springfox.documentation.swagger.web.SwaggerResource@84a3227]]
2021-06-06 21:27:26.368 DEBUG 6756 --- [http-nio-9091-exec-10] o.s.web.servlet.DispatcherServlet        : Completed 200 OK
2021-06-06 21:27:26.414 DEBUG 6756 --- [http-nio-9091-exec-1] o.s.web.servlet.DispatcherServlet        : GET "/v2/api-docs", parameters={}
2021-06-06 21:27:26.414 DEBUG 6756 --- [http-nio-9091-exec-7] o.s.web.servlet.DispatcherServlet        : GET "/", parameters={}
2021-06-06 21:27:26.416 DEBUG 6756 --- [http-nio-9091-exec-7] o.s.w.s.handler.SimpleUrlHandlerMapping  : Mapped to ResourceHttpRequestHandler [Classpath [META-INF/resources/], Classpath [resources/], Classpath [static/], Classpath [public/], ServletContext [/]]
2021-06-06 21:27:26.416 DEBUG 6756 --- [http-nio-9091-exec-7] o.s.w.s.r.ResourceHttpRequestHandler     : Resource not found
2021-06-06 21:27:26.416 DEBUG 6756 --- [http-nio-9091-exec-7] o.s.web.servlet.DispatcherServlet        : Completed 404 NOT_FOUND
2021-06-06 21:27:26.422 DEBUG 6756 --- [http-nio-9091-exec-7] o.s.web.servlet.DispatcherServlet        : "ERROR" dispatch for GET "/error", parameters={}
2021-06-06 21:27:26.425 DEBUG 6756 --- [http-nio-9091-exec-7] s.w.s.m.m.a.RequestMappingHandlerMapping : Mapped to org.springframework.boot.autoconfigure.web.servlet.error.BasicErrorController#error(HttpServletRequest)
2021-06-06 21:27:26.435 DEBUG 6756 --- [http-nio-9091-exec-7] o.s.w.s.m.m.a.HttpEntityMethodProcessor  : Using 'application/json', given [*/*] and supported [application/json, application/*+json, application/json, application/*+json]
2021-06-06 21:27:26.435 DEBUG 6756 --- [http-nio-9091-exec-7] o.s.w.s.m.m.a.HttpEntityMethodProcessor  : Writing [{timestamp=Sun Jun 06 21:27:26 PDT 2021, status=404, error=Not Found, message=No message available,  (truncated)...]
2021-06-06 21:27:26.450 DEBUG 6756 --- [http-nio-9091-exec-7] o.s.web.servlet.DispatcherServlet        : Exiting from "ERROR" dispatch, status 404
2021-06-06 21:27:26.453 DEBUG 6756 --- [http-nio-9091-exec-5] o.s.web.servlet.DispatcherServlet        : GET "/webjars/springfox-swagger-ui/fonts/titillium-web-v6-latin-700.woff2", parameters={}
2021-06-06 21:27:26.453 DEBUG 6756 --- [http-nio-9091-exec-5] o.s.w.s.handler.SimpleUrlHandlerMapping  : Mapped to ResourceHttpRequestHandler [Classpath [META-INF/resources/webjars/]]
2021-06-06 21:27:26.458 DEBUG 6756 --- [http-nio-9091-exec-5] o.s.web.servlet.DispatcherServlet        : Completed 200 OK
2021-06-06 21:27:26.464 DEBUG 6756 --- [http-nio-9091-exec-3] o.s.web.servlet.DispatcherServlet        : GET "/csrf", parameters={}
2021-06-06 21:27:26.466 DEBUG 6756 --- [http-nio-9091-exec-3] o.s.w.s.handler.SimpleUrlHandlerMapping  : Mapped to ResourceHttpRequestHandler [Classpath [META-INF/resources/], Classpath [resources/], Classpath [static/], Classpath [public/], ServletContext [/]]
2021-06-06 21:27:26.469 DEBUG 6756 --- [http-nio-9091-exec-3] o.s.w.s.r.ResourceHttpRequestHandler     : Resource not found
2021-06-06 21:27:26.469 DEBUG 6756 --- [http-nio-9091-exec-3] o.s.web.servlet.DispatcherServlet        : Completed 404 NOT_FOUND
2021-06-06 21:27:26.470 DEBUG 6756 --- [http-nio-9091-exec-3] o.s.web.servlet.DispatcherServlet        : "ERROR" dispatch for GET "/error", parameters={}
2021-06-06 21:27:26.471 DEBUG 6756 --- [http-nio-9091-exec-3] s.w.s.m.m.a.RequestMappingHandlerMapping : Mapped to org.springframework.boot.autoconfigure.web.servlet.error.BasicErrorController#error(HttpServletRequest)
2021-06-06 21:27:26.471 DEBUG 6756 --- [http-nio-9091-exec-3] o.s.w.s.m.m.a.HttpEntityMethodProcessor  : Using 'application/json', given [*/*] and supported [application/json, application/*+json, application/json, application/*+json]
2021-06-06 21:27:26.471 DEBUG 6756 --- [http-nio-9091-exec-3] o.s.w.s.m.m.a.HttpEntityMethodProcessor  : Writing [{timestamp=Sun Jun 06 21:27:26 PDT 2021, status=404, error=Not Found, message=No message available,  (truncated)...]
2021-06-06 21:27:26.473 DEBUG 6756 --- [http-nio-9091-exec-3] o.s.web.servlet.DispatcherServlet        : Exiting from "ERROR" dispatch, status 404
2021-06-06 21:27:26.628 DEBUG 6756 --- [http-nio-9091-exec-1] o.s.w.s.m.m.a.HttpEntityMethodProcessor  : Using 'application/json', given [application/json, */*] and supported [application/json, application/*+json, application/json, application/*+json]
2021-06-06 21:27:26.628 DEBUG 6756 --- [http-nio-9091-exec-1] o.s.w.s.m.m.a.HttpEntityMethodProcessor  : Writing [springfox.documentation.spring.web.json.Json@6231af25]
2021-06-06 21:27:26.630 DEBUG 6756 --- [http-nio-9091-exec-1] o.s.web.servlet.DispatcherServlet        : Completed 200 OK
2021-06-06 21:27:26.753 DEBUG 6756 --- [http-nio-9091-exec-2] o.s.web.servlet.DispatcherServlet        : GET "/webjars/springfox-swagger-ui/fonts/open-sans-v15-latin-700.woff2", parameters={}
2021-06-06 21:27:26.754 DEBUG 6756 --- [http-nio-9091-exec-2] o.s.w.s.handler.SimpleUrlHandlerMapping  : Mapped to ResourceHttpRequestHandler [Classpath [META-INF/resources/webjars/]]
2021-06-06 21:27:26.757 DEBUG 6756 --- [http-nio-9091-exec-4] o.s.web.servlet.DispatcherServlet        : GET "/webjars/springfox-swagger-ui/fonts/source-code-pro-v7-latin-300.woff2", parameters={}
2021-06-06 21:27:26.757 DEBUG 6756 --- [http-nio-9091-exec-4] o.s.w.s.handler.SimpleUrlHandlerMapping  : Mapped to ResourceHttpRequestHandler [Classpath [META-INF/resources/webjars/]]
2021-06-06 21:27:26.758 DEBUG 6756 --- [http-nio-9091-exec-6] o.s.web.servlet.DispatcherServlet        : GET "/webjars/springfox-swagger-ui/fonts/open-sans-v15-latin-regular.woff2", parameters={}
2021-06-06 21:27:26.759 DEBUG 6756 --- [http-nio-9091-exec-6] o.s.w.s.handler.SimpleUrlHandlerMapping  : Mapped to ResourceHttpRequestHandler [Classpath [META-INF/resources/webjars/]]
2021-06-06 21:27:26.763 DEBUG 6756 --- [http-nio-9091-exec-2] o.s.web.servlet.DispatcherServlet        : Completed 200 OK
2021-06-06 21:27:26.763 DEBUG 6756 --- [http-nio-9091-exec-4] o.s.web.servlet.DispatcherServlet        : Completed 200 OK
2021-06-06 21:27:26.767 DEBUG 6756 --- [http-nio-9091-exec-6] o.s.web.servlet.DispatcherServlet        : Completed 200 OK
2021-06-06 21:27:26.771 DEBUG 6756 --- [http-nio-9091-exec-8] o.s.web.servlet.DispatcherServlet        : GET "/webjars/springfox-swagger-ui/fonts/source-code-pro-v7-latin-600.woff2", parameters={}
2021-06-06 21:27:26.772 DEBUG 6756 --- [http-nio-9091-exec-8] o.s.w.s.handler.SimpleUrlHandlerMapping  : Mapped to ResourceHttpRequestHandler [Classpath [META-INF/resources/webjars/]]
2021-06-06 21:27:26.775 DEBUG 6756 --- [http-nio-9091-exec-8] o.s.web.servlet.DispatcherServlet        : Completed 200 OK
